This file contains any messages produced by compilers while
running configure, to aid debugging if configure makes a mistake.

It was created by xboard configure 4.9.1, which was
generated by GNU Autoconf 2.69.  Invocation command line was

  $ ./configure 

## --------- ##
## Platform. ##
## --------- ##

hostname = MSI
uname -m = x86_64
uname -r = 5.10.102.1-microsoft-standard-WSL2
uname -s = Linux
uname -v = #1 SMP Wed Mar 2 00:30:59 UTC 2022

/usr/bin/uname -p = x86_64
/bin/uname -X     = unknown

/bin/arch              = x86_64
/usr/bin/arch -k       = unknown
/usr/convex/getsysinfo = unknown
/usr/bin/hostinfo      = unknown
/bin/machine           = unknown
/usr/bin/oslevel       = unknown
/bin/universe          = unknown

PATH: /usr/local/sbin
PATH: /usr/local/bin
PATH: /usr/sbin
PATH: /usr/bin
PATH: /sbin
PATH: /bin
PATH: /usr/games
PATH: /usr/local/games
PATH: /usr/lib/wsl/lib
PATH: /mnt/c/Windows/system32
PATH: /mnt/c/Windows
PATH: /mnt/c/Windows/System32/Wbem
PATH: /mnt/c/Windows/System32/WindowsPowerShell/v1.0/
PATH: /mnt/c/Windows/System32/OpenSSH/
PATH: /mnt/c/Program Files (x86)/NVIDIA Corporation/PhysX/Common
PATH: /mnt/c/Program Files/NVIDIA Corporation/NVIDIA NvDLISR
PATH: /mnt/c/Users/taleg/AppData/Local/Microsoft/WindowsApps
PATH: /mnt/c/Users/taleg/AppData/Local/Pandoc/
PATH: /mnt/c/Users/taleg/AppData/Local/Programs/Microsoft VS Code/bin
PATH: /snap/bin


## ----------- ##
## Core tests. ##
## ----------- ##

configure:2335: checking for a BSD-compatible install
configure:2403: result: /usr/bin/install -c
configure:2414: checking whether build environment is sane
configure:2469: result: yes
configure:2618: checking for a thread-safe mkdir -p
configure:2657: result: /usr/bin/mkdir -p
configure:2664: checking for gawk
configure:2680: found /usr/bin/gawk
configure:2691: result: gawk
configure:2702: checking whether make sets $(MAKE)
configure:2724: result: yes
configure:2753: checking whether make supports nested variables
configure:2770: result: yes
configure:2907: checking whether make supports nested variables
configure:2924: result: yes
configure:3014: checking for gcc
configure:3030: found /usr/bin/gcc
configure:3041: result: gcc
configure:3270: checking for C compiler version
configure:3279: gcc --version >&5
gcc (Ubuntu 9.4.0-1ubuntu1~20.04.1) 9.4.0
Copyright (C) 2019 Free Software Foundation, Inc.
This is free software; see the source for copying conditions.  There is NO
warranty; not even for MERCHANTABILITY or FITNESS FOR A PARTICULAR PURPOSE.

configure:3290: $? = 0
configure:3279: gcc -v >&5
Using built-in specs.
COLLECT_GCC=gcc
COLLECT_LTO_WRAPPER=/usr/lib/gcc/x86_64-linux-gnu/9/lto-wrapper
OFFLOAD_TARGET_NAMES=nvptx-none:hsa
OFFLOAD_TARGET_DEFAULT=1
Target: x86_64-linux-gnu
Configured with: ../src/configure -v --with-pkgversion='Ubuntu 9.4.0-1ubuntu1~20.04.1' --with-bugurl=file:///usr/share/doc/gcc-9/README.Bugs --enable-languages=c,ada,c++,go,brig,d,fortran,objc,obj-c++,gm2 --prefix=/usr --with-gcc-major-version-only --program-suffix=-9 --program-prefix=x86_64-linux-gnu- --enable-shared --enable-linker-build-id --libexecdir=/usr/lib --without-included-gettext --enable-threads=posix --libdir=/usr/lib --enable-nls --enable-clocale=gnu --enable-libstdcxx-debug --enable-libstdcxx-time=yes --with-default-libstdcxx-abi=new --enable-gnu-unique-object --disable-vtable-verify --enable-plugin --enable-default-pie --with-system-zlib --with-target-system-zlib=auto --enable-objc-gc=auto --enable-multiarch --disable-werror --with-arch-32=i686 --with-abi=m64 --with-multilib-list=m32,m64,mx32 --enable-multilib --with-tune=generic --enable-offload-targets=nvptx-none=/build/gcc-9-Av3uEd/gcc-9-9.4.0/debian/tmp-nvptx/usr,hsa --without-cuda-driver --enable-checking=release --build=x86_64-linux-gnu --host=x86_64-linux-gnu --target=x86_64-linux-gnu
Thread model: posix
gcc version 9.4.0 (Ubuntu 9.4.0-1ubuntu1~20.04.1) 
configure:3290: $? = 0
configure:3279: gcc -V >&5
gcc: error: unrecognized command line option '-V'
gcc: fatal error: no input files
compilation terminated.
configure:3290: $? = 1
configure:3279: gcc -qversion >&5
gcc: error: unrecognized command line option '-qversion'; did you mean '--version'?
gcc: fatal error: no input files
compilation terminated.
configure:3290: $? = 1
configure:3310: checking whether the C compiler works
configure:3332: gcc     conftest.c  >&5
configure:3336: $? = 0
configure:3384: result: yes
configure:3387: checking for C compiler default output file name
configure:3389: result: a.out
configure:3395: checking for suffix of executables
configure:3402: gcc -o conftest     conftest.c  >&5
configure:3406: $? = 0
configure:3428: result: 
configure:3450: checking whether we are cross compiling
configure:3458: gcc -o conftest     conftest.c  >&5
configure:3462: $? = 0
configure:3469: ./conftest
configure:3473: $? = 0
configure:3461: result: no
configure:3466: checking for suffix of object files
configure:3488: gcc -c    conftest.c >&5
configure:3492: $? = 0
configure:3513: result: o
configure:3517: checking whether we are using the GNU C compiler
configure:3536: gcc -c    conftest.c >&5
configure:3536: $? = 0
configure:3545: result: yes
configure:3554: checking whether gcc accepts -g
configure:3574: gcc -c -g  conftest.c >&5
configure:3574: $? = 0
configure:3615: result: yes
configure:3632: checking for gcc option to accept ISO C89
configure:3695: gcc  -c    conftest.c >&5
configure:3695: $? = 0
configure:3708: result: none needed
configure:3733: checking whether gcc understands -c and -o together
configure:3755: gcc -c conftest.c -o conftest2.o
configure:3758: $? = 0
configure:3755: gcc -c conftest.c -o conftest2.o
configure:3758: $? = 0
configure:3770: result: yes
configure:3798: checking for style of include used by make
configure:3826: result: GNU
configure:3852: checking dependency style of gcc
configure:3963: result: gcc3
configure:3986: checking how to run the C preprocessor
configure:4017: gcc -E  conftest.c
configure:4017: $? = 0
configure:4031: gcc -E  conftest.c
conftest.c:11:10: fatal error: ac_nonexistent.h: No such file or directory
   11 | #include <ac_nonexistent.h>
      |          ^~~~~~~~~~~~~~~~~~
compilation terminated.
configure:4031: $? = 1
configure: failed program was:
| /* confdefs.h */
| #define PACKAGE_NAME "xboard"
| #define PACKAGE_TARNAME "xboard"
| #define PACKAGE_VERSION "4.9.1"
| #define PACKAGE_STRING "xboard 4.9.1"
| #define PACKAGE_BUGREPORT "bug-xboard@gnu.org"
| #define PACKAGE_URL ""
| #define PACKAGE "xboard"
| #define VERSION "4.9.1"
| /* end confdefs.h.  */
| #include <ac_nonexistent.h>
configure:4056: result: gcc -E
configure:4076: gcc -E  conftest.c
configure:4076: $? = 0
configure:4090: gcc -E  conftest.c
conftest.c:11:10: fatal error: ac_nonexistent.h: No such file or directory
   11 | #include <ac_nonexistent.h>
      |          ^~~~~~~~~~~~~~~~~~
compilation terminated.
configure:4090: $? = 1
configure: failed program was:
| /* confdefs.h */
| #define PACKAGE_NAME "xboard"
| #define PACKAGE_TARNAME "xboard"
| #define PACKAGE_VERSION "4.9.1"
| #define PACKAGE_STRING "xboard 4.9.1"
| #define PACKAGE_BUGREPORT "bug-xboard@gnu.org"
| #define PACKAGE_URL ""
| #define PACKAGE "xboard"
| #define VERSION "4.9.1"
| /* end confdefs.h.  */
| #include <ac_nonexistent.h>
configure:4119: checking for library containing strerror
configure:4150: gcc -o conftest     conftest.c  >&5
configure:4150: $? = 0
configure:4167: result: none required
configure:4186: checking whether NLS is requested
configure:4195: result: yes
configure:4236: checking for msgfmt
configure: trying /usr/bin/msgfmt...
0 translated messages.
configure:4268: result: /usr/bin/msgfmt
configure:4277: checking for gmsgfmt
configure:4308: result: /usr/bin/msgfmt
configure:4359: checking for xgettext
configure: trying /usr/bin/xgettext...
/usr/bin/xgettext: warning: file '/dev/null' extension '' is unknown; will try C
configure:4391: result: /usr/bin/xgettext
configure:4437: checking for msgmerge
configure: trying /usr/bin/msgmerge...
configure:4468: result: /usr/bin/msgmerge
configure:4505: checking build system type
configure:4519: result: x86_64-unknown-linux-gnu
configure:4539: checking host system type
configure:4552: result: x86_64-unknown-linux-gnu
configure:4596: checking for ld used by GCC
configure:4660: result: /usr/bin/ld
configure:4667: checking if the linker (/usr/bin/ld) is GNU ld
configure:4680: result: yes
configure:4687: checking for shared library run path origin
configure:4700: result: done
configure:5201: checking for CFPreferencesCopyAppValue
configure:5219: gcc -o conftest     conftest.c  -Wl,-framework -Wl,CoreFoundation >&5
conftest.c:11:10: fatal error: CoreFoundation/CFPreferences.h: No such file or directory
   11 | #include <CoreFoundation/CFPreferences.h>
      |          ^~~~~~~~~~~~~~~~~~~~~~~~~~~~~~~~
compilation terminated.
configure:5219: $? = 1
configure: failed program was:
| /* confdefs.h */
| #define PACKAGE_NAME "xboard"
| #define PACKAGE_TARNAME "xboard"
| #define PACKAGE_VERSION "4.9.1"
| #define PACKAGE_STRING "xboard 4.9.1"
| #define PACKAGE_BUGREPORT "bug-xboard@gnu.org"
| #define PACKAGE_URL ""
| #define PACKAGE "xboard"
| #define VERSION "4.9.1"
| /* end confdefs.h.  */
| #include <CoreFoundation/CFPreferences.h>
| int
| main ()
| {
| CFPreferencesCopyAppValue(NULL, NULL)
|   ;
|   return 0;
| }
configure:5228: result: no
configure:5235: checking for CFLocaleCopyCurrent
configure:5253: gcc -o conftest     conftest.c  -Wl,-framework -Wl,CoreFoundation >&5
conftest.c:11:10: fatal error: CoreFoundation/CFLocale.h: No such file or directory
   11 | #include <CoreFoundation/CFLocale.h>
      |          ^~~~~~~~~~~~~~~~~~~~~~~~~~~
compilation terminated.
configure:5253: $? = 1
configure: failed program was:
| /* confdefs.h */
| #define PACKAGE_NAME "xboard"
| #define PACKAGE_TARNAME "xboard"
| #define PACKAGE_VERSION "4.9.1"
| #define PACKAGE_STRING "xboard 4.9.1"
| #define PACKAGE_BUGREPORT "bug-xboard@gnu.org"
| #define PACKAGE_URL ""
| #define PACKAGE "xboard"
| #define VERSION "4.9.1"
| /* end confdefs.h.  */
| #include <CoreFoundation/CFLocale.h>
| int
| main ()
| {
| CFLocaleCopyCurrent();
|   ;
|   return 0;
| }
configure:5262: result: no
configure:5311: checking for GNU gettext in libc
configure:5331: gcc -o conftest     conftest.c  >&5
configure:5331: $? = 0
configure:5340: result: yes
configure:6086: checking whether to use NLS
configure:6088: result: yes
configure:6091: checking where the gettext function comes from
configure:6102: result: libc
configure:6164: checking for remsh
configure:6194: result: no
configure:6164: checking for rsh
configure:6180: found /usr/bin/rsh
configure:6191: result: rsh
configure:6207: checking for makeinfo
configure:6223: found /usr/bin/makeinfo
configure:6234: result: makeinfo
configure:6256: checking for nroff
configure:6272: found /usr/bin/nroff
configure:6284: result: nroff -man
configure:6297: checking for awk
configure:6315: found /usr/bin/awk
configure:6327: result: /usr/bin/awk
configure:6342: checking for perl
configure:6360: found /usr/bin/perl
configure:6372: result: /usr/bin/perl
configure:6385: checking for grep that handles long lines and -e
configure:6443: result: /usr/bin/grep
configure:6448: checking for egrep
configure:6510: result: /usr/bin/grep -E
configure:6515: checking for ANSI C header files
configure:6535: gcc -c    conftest.c >&5
configure:6535: $? = 0
configure:6608: gcc -o conftest     conftest.c  >&5
configure:6608: $? = 0
configure:6608: ./conftest
configure:6608: $? = 0
configure:6619: result: yes
configure:6627: checking whether time.h and sys/time.h may both be included
configure:6647: gcc -c    conftest.c >&5
configure:6647: $? = 0
configure:6654: result: yes
configure:6662: checking for sys/wait.h that is POSIX.1 compatible
configure:6688: gcc -c    conftest.c >&5
configure:6688: $? = 0
configure:6695: result: yes
configure:6706: checking for dirent.h that defines DIR
configure:6725: gcc -c    conftest.c >&5
configure:6725: $? = 0
configure:6733: result: yes
configure:6746: checking for library containing opendir
configure:6777: gcc -o conftest     conftest.c  >&5
configure:6777: $? = 0
configure:6794: result: none required
configure:6861: checking return type of signal handlers
configure:6879: gcc -c    conftest.c >&5
conftest.c: In function 'main':
conftest.c:25:10: error: void value not ignored as it ought to be
   25 | return *(signal (0, 0)) (0) == 1;
      |         ~^~~~~~~~~~~~~~~~~~
configure:6879: $? = 1
configure: failed program was:
| /* confdefs.h */
| #define PACKAGE_NAME "xboard"
| #define PACKAGE_TARNAME "xboard"
| #define PACKAGE_VERSION "4.9.1"
| #define PACKAGE_STRING "xboard 4.9.1"
| #define PACKAGE_BUGREPORT "bug-xboard@gnu.org"
| #define PACKAGE_URL ""
| #define PACKAGE "xboard"
| #define VERSION "4.9.1"
| #define ENABLE_NLS 1
| #define HAVE_GETTEXT 1
| #define HAVE_DCGETTEXT 1
| #define REMOTE_SHELL "rsh"
| #define STDC_HEADERS 1
| #define TIME_WITH_SYS_TIME 1
| #define HAVE_SYS_WAIT_H 1
| #define HAVE_DIRENT_H 1
| /* end confdefs.h.  */
| #include <sys/types.h>
| #include <signal.h>
| 
| int
| main ()
| {
| return *(signal (0, 0)) (0) == 1;
|   ;
|   return 0;
| }
configure:6886: result: void
configure:6899: checking for sys/types.h
configure:6899: gcc -c    conftest.c >&5
configure:6899: $? = 0
configure:6899: result: yes
configure:6899: checking for sys/stat.h
configure:6899: gcc -c    conftest.c >&5
configure:6899: $? = 0
configure:6899: result: yes
configure:6899: checking for stdlib.h
configure:6899: gcc -c    conftest.c >&5
configure:6899: $? = 0
configure:6899: result: yes
configure:6899: checking for string.h
configure:6899: gcc -c    conftest.c >&5
configure:6899: $? = 0
configure:6899: result: yes
configure:6899: checking for memory.h
configure:6899: gcc -c    conftest.c >&5
configure:6899: $? = 0
configure:6899: result: yes
configure:6899: checking for strings.h
configure:6899: gcc -c    conftest.c >&5
configure:6899: $? = 0
configure:6899: result: yes
configure:6899: checking for inttypes.h
configure:6899: gcc -c    conftest.c >&5
configure:6899: $? = 0
configure:6899: result: yes
configure:6899: checking for stdint.h
configure:6899: gcc -c    conftest.c >&5
configure:6899: $? = 0
configure:6899: result: yes
configure:6899: checking for unistd.h
configure:6899: gcc -c    conftest.c >&5
configure:6899: $? = 0
configure:6899: result: yes
configure:6914: checking stropts.h usability
configure:6914: gcc -c    conftest.c >&5
conftest.c:62:10: fatal error: stropts.h: No such file or directory
   62 | #include <stropts.h>
      |          ^~~~~~~~~~~
compilation terminated.
configure:6914: $? = 1
configure: failed program was:
| /* confdefs.h */
| #define PACKAGE_NAME "xboard"
| #define PACKAGE_TARNAME "xboard"
| #define PACKAGE_VERSION "4.9.1"
| #define PACKAGE_STRING "xboard 4.9.1"
| #define PACKAGE_BUGREPORT "bug-xboard@gnu.org"
| #define PACKAGE_URL ""
| #define PACKAGE "xboard"
| #define VERSION "4.9.1"
| #define ENABLE_NLS 1
| #define HAVE_GETTEXT 1
| #define HAVE_DCGETTEXT 1
| #define REMOTE_SHELL "rsh"
| #define STDC_HEADERS 1
| #define TIME_WITH_SYS_TIME 1
| #define HAVE_SYS_WAIT_H 1
| #define HAVE_DIRENT_H 1
| #define RETSIGTYPE void
| #define HAVE_SYS_TYPES_H 1
| #define HAVE_SYS_STAT_H 1
| #define HAVE_STDLIB_H 1
| #define HAVE_STRING_H 1
| #define HAVE_MEMORY_H 1
| #define HAVE_STRINGS_H 1
| #define HAVE_INTTYPES_H 1
| #define HAVE_STDINT_H 1
| #define HAVE_UNISTD_H 1
| /* end confdefs.h.  */
| #include <stdio.h>
| #ifdef HAVE_SYS_TYPES_H
| # include <sys/types.h>
| #endif
| #ifdef HAVE_SYS_STAT_H
| # include <sys/stat.h>
| #endif
| #ifdef STDC_HEADERS
| # include <stdlib.h>
| # include <stddef.h>
| #else
| # ifdef HAVE_STDLIB_H
| #  include <stdlib.h>
| # endif
| #endif
| #ifdef HAVE_STRING_H
| # if !defined STDC_HEADERS && defined HAVE_MEMORY_H
| #  include <memory.h>
| # endif
| # include <string.h>
| #endif
| #ifdef HAVE_STRINGS_H
| # include <strings.h>
| #endif
| #ifdef HAVE_INTTYPES_H
| # include <inttypes.h>
| #endif
| #ifdef HAVE_STDINT_H
| # include <stdint.h>
| #endif
| #ifdef HAVE_UNISTD_H
| # include <unistd.h>
| #endif
| #include <stropts.h>
configure:6914: result: no
configure:6914: checking stropts.h presence
configure:6914: gcc -E  conftest.c
conftest.c:29:10: fatal error: stropts.h: No such file or directory
   29 | #include <stropts.h>
      |          ^~~~~~~~~~~
compilation terminated.
configure:6914: $? = 1
configure: failed program was:
| /* confdefs.h */
| #define PACKAGE_NAME "xboard"
| #define PACKAGE_TARNAME "xboard"
| #define PACKAGE_VERSION "4.9.1"
| #define PACKAGE_STRING "xboard 4.9.1"
| #define PACKAGE_BUGREPORT "bug-xboard@gnu.org"
| #define PACKAGE_URL ""
| #define PACKAGE "xboard"
| #define VERSION "4.9.1"
| #define ENABLE_NLS 1
| #define HAVE_GETTEXT 1
| #define HAVE_DCGETTEXT 1
| #define REMOTE_SHELL "rsh"
| #define STDC_HEADERS 1
| #define TIME_WITH_SYS_TIME 1
| #define HAVE_SYS_WAIT_H 1
| #define HAVE_DIRENT_H 1
| #define RETSIGTYPE void
| #define HAVE_SYS_TYPES_H 1
| #define HAVE_SYS_STAT_H 1
| #define HAVE_STDLIB_H 1
| #define HAVE_STRING_H 1
| #define HAVE_MEMORY_H 1
| #define HAVE_STRINGS_H 1
| #define HAVE_INTTYPES_H 1
| #define HAVE_STDINT_H 1
| #define HAVE_UNISTD_H 1
| /* end confdefs.h.  */
| #include <stropts.h>
configure:6914: result: no
configure:6914: checking for stropts.h
configure:6914: result: no
configure:6914: checking sys/time.h usability
configure:6914: gcc -c    conftest.c >&5
configure:6914: $? = 0
configure:6914: result: yes
configure:6914: checking sys/time.h presence
configure:6914: gcc -E  conftest.c
configure:6914: $? = 0
configure:6914: result: yes
configure:6914: checking for sys/time.h
configure:6914: result: yes
configure:6914: checking for string.h
configure:6914: result: yes
configure:6914: checking for unistd.h
configure:6914: result: yes
configure:6914: checking sys/systeminfo.h usability
configure:6914: gcc -c    conftest.c >&5
conftest.c:65:10: fatal error: sys/systeminfo.h: No such file or directory
   65 | #include <sys/systeminfo.h>
      |          ^~~~~~~~~~~~~~~~~~
compilation terminated.
configure:6914: $? = 1
configure: failed program was:
| /* confdefs.h */
| #define PACKAGE_NAME "xboard"
| #define PACKAGE_TARNAME "xboard"
| #define PACKAGE_VERSION "4.9.1"
| #define PACKAGE_STRING "xboard 4.9.1"
| #define PACKAGE_BUGREPORT "bug-xboard@gnu.org"
| #define PACKAGE_URL ""
| #define PACKAGE "xboard"
| #define VERSION "4.9.1"
| #define ENABLE_NLS 1
| #define HAVE_GETTEXT 1
| #define HAVE_DCGETTEXT 1
| #define REMOTE_SHELL "rsh"
| #define STDC_HEADERS 1
| #define TIME_WITH_SYS_TIME 1
| #define HAVE_SYS_WAIT_H 1
| #define HAVE_DIRENT_H 1
| #define RETSIGTYPE void
| #define HAVE_SYS_TYPES_H 1
| #define HAVE_SYS_STAT_H 1
| #define HAVE_STDLIB_H 1
| #define HAVE_STRING_H 1
| #define HAVE_MEMORY_H 1
| #define HAVE_STRINGS_H 1
| #define HAVE_INTTYPES_H 1
| #define HAVE_STDINT_H 1
| #define HAVE_UNISTD_H 1
| #define HAVE_SYS_TIME_H 1
| #define HAVE_STRING_H 1
| #define HAVE_UNISTD_H 1
| /* end confdefs.h.  */
| #include <stdio.h>
| #ifdef HAVE_SYS_TYPES_H
| # include <sys/types.h>
| #endif
| #ifdef HAVE_SYS_STAT_H
| # include <sys/stat.h>
| #endif
| #ifdef STDC_HEADERS
| # include <stdlib.h>
| # include <stddef.h>
| #else
| # ifdef HAVE_STDLIB_H
| #  include <stdlib.h>
| # endif
| #endif
| #ifdef HAVE_STRING_H
| # if !defined STDC_HEADERS && defined HAVE_MEMORY_H
| #  include <memory.h>
| # endif
| # include <string.h>
| #endif
| #ifdef HAVE_STRINGS_H
| # include <strings.h>
| #endif
| #ifdef HAVE_INTTYPES_H
| # include <inttypes.h>
| #endif
| #ifdef HAVE_STDINT_H
| # include <stdint.h>
| #endif
| #ifdef HAVE_UNISTD_H
| # include <unistd.h>
| #endif
| #include <sys/systeminfo.h>
configure:6914: result: no
configure:6914: checking sys/systeminfo.h presence
configure:6914: gcc -E  conftest.c
conftest.c:32:10: fatal error: sys/systeminfo.h: No such file or directory
   32 | #include <sys/systeminfo.h>
      |          ^~~~~~~~~~~~~~~~~~
compilation terminated.
configure:6914: $? = 1
configure: failed program was:
| /* confdefs.h */
| #define PACKAGE_NAME "xboard"
| #define PACKAGE_TARNAME "xboard"
| #define PACKAGE_VERSION "4.9.1"
| #define PACKAGE_STRING "xboard 4.9.1"
| #define PACKAGE_BUGREPORT "bug-xboard@gnu.org"
| #define PACKAGE_URL ""
| #define PACKAGE "xboard"
| #define VERSION "4.9.1"
| #define ENABLE_NLS 1
| #define HAVE_GETTEXT 1
| #define HAVE_DCGETTEXT 1
| #define REMOTE_SHELL "rsh"
| #define STDC_HEADERS 1
| #define TIME_WITH_SYS_TIME 1
| #define HAVE_SYS_WAIT_H 1
| #define HAVE_DIRENT_H 1
| #define RETSIGTYPE void
| #define HAVE_SYS_TYPES_H 1
| #define HAVE_SYS_STAT_H 1
| #define HAVE_STDLIB_H 1
| #define HAVE_STRING_H 1
| #define HAVE_MEMORY_H 1
| #define HAVE_STRINGS_H 1
| #define HAVE_INTTYPES_H 1
| #define HAVE_STDINT_H 1
| #define HAVE_UNISTD_H 1
| #define HAVE_SYS_TIME_H 1
| #define HAVE_STRING_H 1
| #define HAVE_UNISTD_H 1
| /* end confdefs.h.  */
| #include <sys/systeminfo.h>
configure:6914: result: no
configure:6914: checking for sys/systeminfo.h
configure:6914: result: no
configure:6927: checking fcntl.h usability
configure:6927: gcc -c    conftest.c >&5
configure:6927: $? = 0
configure:6927: result: yes
configure:6927: checking fcntl.h presence
configure:6927: gcc -E  conftest.c
configure:6927: $? = 0
configure:6927: result: yes
configure:6927: checking for fcntl.h
configure:6927: result: yes
configure:6940: checking sys/socket.h usability
configure:6940: gcc -c    conftest.c >&5
configure:6940: $? = 0
configure:6940: result: yes
configure:6940: checking sys/socket.h presence
configure:6940: gcc -E  conftest.c
configure:6940: $? = 0
configure:6940: result: yes
configure:6940: checking for sys/socket.h
configure:6940: result: yes
configure:6950: checking stddef.h usability
configure:6950: gcc -c    conftest.c >&5
configure:6950: $? = 0
configure:6950: result: yes
configure:6950: checking stddef.h presence
configure:6950: gcc -E  conftest.c
configure:6950: $? = 0
configure:6950: result: yes
configure:6950: checking for stddef.h
configure:6950: result: yes
configure:6963: checking for _getpty
configure:6963: gcc -o conftest     conftest.c  >&5
/usr/bin/ld: /tmp/ccbcN6nd.o: in function `main':
conftest.c:(.text+0xe): undefined reference to `_getpty'
collect2: error: ld returned 1 exit status
configure:6963: $? = 1
configure: failed program was:
| /* confdefs.h */
| #define PACKAGE_NAME "xboard"
| #define PACKAGE_TARNAME "xboard"
| #define PACKAGE_VERSION "4.9.1"
| #define PACKAGE_STRING "xboard 4.9.1"
| #define PACKAGE_BUGREPORT "bug-xboard@gnu.org"
| #define PACKAGE_URL ""
| #define PACKAGE "xboard"
| #define VERSION "4.9.1"
| #define ENABLE_NLS 1
| #define HAVE_GETTEXT 1
| #define HAVE_DCGETTEXT 1
| #define REMOTE_SHELL "rsh"
| #define STDC_HEADERS 1
| #define TIME_WITH_SYS_TIME 1
| #define HAVE_SYS_WAIT_H 1
| #define HAVE_DIRENT_H 1
| #define RETSIGTYPE void
| #define HAVE_SYS_TYPES_H 1
| #define HAVE_SYS_STAT_H 1
| #define HAVE_STDLIB_H 1
| #define HAVE_STRING_H 1
| #define HAVE_MEMORY_H 1
| #define HAVE_STRINGS_H 1
| #define HAVE_INTTYPES_H 1
| #define HAVE_STDINT_H 1
| #define HAVE_UNISTD_H 1
| #define HAVE_SYS_TIME_H 1
| #define HAVE_STRING_H 1
| #define HAVE_UNISTD_H 1
| #define HAVE_FCNTL_H 1
| #define HAVE_SYS_SOCKET_H 1
| /* end confdefs.h.  */
| /* Define _getpty to an innocuous variant, in case <limits.h> declares _getpty.
|    For example, HP-UX 11i <limits.h> declares gettimeofday.  */
| #define _getpty innocuous__getpty
| 
| /* System header to define __stub macros and hopefully few prototypes,
|     which can conflict with char _getpty (); below.
|     Prefer <limits.h> to <assert.h> if __STDC__ is defined, since
|     <limits.h> exists even on freestanding compilers.  */
| 
| #ifdef __STDC__
| # include <limits.h>
| #else
| # include <assert.h>
| #endif
| 
| #undef _getpty
| 
| /* Override any GCC internal prototype to avoid an error.
|    Use char because int might match the return type of a GCC
|    builtin and then its argument prototype would still apply.  */
| #ifdef __cplusplus
| extern "C"
| #endif
| char _getpty ();
| /* The GNU C library defines this for functions which it implements
|     to always fail with ENOSYS.  Some functions are actually named
|     something starting with __ and the normal name is an alias.  */
| #if defined __stub__getpty || defined __stub____getpty
| choke me
| #endif
| 
| int
| main ()
| {
| return _getpty ();
|   ;
|   return 0;
| }
configure:6963: result: no
configure:6963: checking for grantpt
configure:6963: gcc -o conftest     conftest.c  >&5
configure:6963: $? = 0
configure:6963: result: yes
configure:6963: checking for setitimer
configure:6963: gcc -o conftest     conftest.c  >&5
configure:6963: $? = 0
configure:6963: result: yes
configure:6963: checking for usleep
configure:6963: gcc -o conftest     conftest.c  >&5
configure:6963: $? = 0
configure:6963: result: yes
configure:6975: checking for gettimeofday
configure:6975: gcc -o conftest     conftest.c  >&5
configure:6975: $? = 0
configure:6975: result: yes
configure:6987: checking for random
configure:6987: gcc -o conftest     conftest.c  >&5
configure:6987: $? = 0
configure:6987: result: yes
configure:6999: checking for gethostname
configure:6999: gcc -o conftest     conftest.c  >&5
configure:6999: $? = 0
configure:6999: result: yes
configure:7008: checking for setlocale
configure:7008: gcc -o conftest     conftest.c  >&5
configure:7008: $? = 0
configure:7008: result: yes
configure:7063: checking for getpseudotty in -lseq
configure:7088: gcc -o conftest     conftest.c -lseq   >&5
/usr/bin/ld: cannot find -lseq
collect2: error: ld returned 1 exit status
configure:7088: $? = 1
configure: failed program was:
| /* confdefs.h */
| #define PACKAGE_NAME "xboard"
| #define PACKAGE_TARNAME "xboard"
| #define PACKAGE_VERSION "4.9.1"
| #define PACKAGE_STRING "xboard 4.9.1"
| #define PACKAGE_BUGREPORT "bug-xboard@gnu.org"
| #define PACKAGE_URL ""
| #define PACKAGE "xboard"
| #define VERSION "4.9.1"
| #define ENABLE_NLS 1
| #define HAVE_GETTEXT 1
| #define HAVE_DCGETTEXT 1
| #define REMOTE_SHELL "rsh"
| #define STDC_HEADERS 1
| #define TIME_WITH_SYS_TIME 1
| #define HAVE_SYS_WAIT_H 1
| #define HAVE_DIRENT_H 1
| #define RETSIGTYPE void
| #define HAVE_SYS_TYPES_H 1
| #define HAVE_SYS_STAT_H 1
| #define HAVE_STDLIB_H 1
| #define HAVE_STRING_H 1
| #define HAVE_MEMORY_H 1
| #define HAVE_STRINGS_H 1
| #define HAVE_INTTYPES_H 1
| #define HAVE_STDINT_H 1
| #define HAVE_UNISTD_H 1
| #define HAVE_SYS_TIME_H 1
| #define HAVE_STRING_H 1
| #define HAVE_UNISTD_H 1
| #define HAVE_FCNTL_H 1
| #define HAVE_SYS_SOCKET_H 1
| #define HAVE_GRANTPT 1
| #define HAVE_SETITIMER 1
| #define HAVE_USLEEP 1
| #define HAVE_GETTIMEOFDAY 1
| #define HAVE_RANDOM 1
| #define HAVE_GETHOSTNAME 1
| /* end confdefs.h.  */
| 
| /* Override any GCC internal prototype to avoid an error.
|    Use char because int might match the return type of a GCC
|    builtin and then its argument prototype would still apply.  */
| #ifdef __cplusplus
| extern "C"
| #endif
| char getpseudotty ();
| int
| main ()
| {
| return getpseudotty ();
|   ;
|   return 0;
| }
configure:7097: result: no
configure:7109: checking whether compiler understands -Wall -Wno-parentheses
configure:7124: gcc -c   -Wall -Wno-parentheses  conftest.c >&5
configure:7124: $? = 0
configure:7125: result: yes
configure:7138: checking for pkg-config
configure:7154: found /usr/bin/pkg-config
configure:7165: result: pkg-config
configure:7235: checking for pkg-config
configure:7253: found /usr/bin/pkg-config
configure:7265: result: /usr/bin/pkg-config
configure:7290: checking pkg-config is at least version 0.9.0
configure:7293: result: yes
configure:7303: checking for CAIRO
configure:7310: $PKG_CONFIG --exists --print-errors " cairo >= 1.2.0 pangocairo librsvg-2.0 >= 2.14.0 "
configure:7313: $? = 0
configure:7327: $PKG_CONFIG --exists --print-errors " cairo >= 1.2.0 pangocairo librsvg-2.0 >= 2.14.0 "
configure:7330: $? = 0
configure:7388: result: yes
configure:7539: checking for xdg-mime
configure:7557: found /usr/bin/xdg-mime
configure:7569: result: /usr/bin/xdg-mime
configure:7580: checking for xdg-desktop-menu
configure:7598: found /usr/bin/xdg-desktop-menu
configure:7610: result: /usr/bin/xdg-desktop-menu
configure:7621: checking for xdg-icon-resource
configure:7639: found /usr/bin/xdg-icon-resource
configure:7651: result: /usr/bin/xdg-icon-resource
configure:7671: checking for GTK
configure:7678: $PKG_CONFIG --exists --print-errors " gtk+-2.0 >= 2.16.0 gmodule-2.0 "
configure:7681: $? = 0
configure:7695: $PKG_CONFIG --exists --print-errors " gtk+-2.0 >= 2.16.0 gmodule-2.0 "
configure:7698: $? = 0
configure:7756: result: yes
configure:8785: checking whether ptys or pipes should be used
configure:8807: result: pipes
configure:8984: checking that generated files are newer than configure
configure:8990: result: done
configure:9037: creating ./config.status

## ---------------------- ##
## Running config.status. ##
## ---------------------- ##

This file was extended by xboard config.status 4.9.1, which was
generated by GNU Autoconf 2.69.  Invocation command line was

  CONFIG_FILES    = 
  CONFIG_HEADERS  = 
  CONFIG_LINKS    = 
  CONFIG_COMMANDS = 
  $ ./config.status 

on MSI

config.status:967: creating Makefile
config.status:967: creating cmail
config.status:967: creating po/Makefile.in
config.status:967: creating osxapp/Info.plist
config.status:967: creating config.h
config.status:1148: config.h is unchanged
config.status:1196: executing depfiles commands
config.status:1196: executing po-directories commands
config.status:1196: executing test-stamp-h commands
config.status:1196: executing chmod-cmail commands

## ---------------- ##
## Cache variables. ##
## ---------------- ##

ac_cv_build=x86_64-unknown-linux-gnu
ac_cv_c_compiler_gnu=yes
ac_cv_env_CAIRO_CFLAGS_set=
ac_cv_env_CAIRO_CFLAGS_value=
ac_cv_env_CAIRO_LIBS_set=
ac_cv_env_CAIRO_LIBS_value=
ac_cv_env_CC_set=
ac_cv_env_CC_value=
ac_cv_env_CFLAGS_set=
ac_cv_env_CFLAGS_value=
ac_cv_env_CPPFLAGS_set=
ac_cv_env_CPPFLAGS_value=
ac_cv_env_CPP_set=
ac_cv_env_CPP_value=
ac_cv_env_GTK_CFLAGS_set=
ac_cv_env_GTK_CFLAGS_value=
ac_cv_env_GTK_LIBS_set=
ac_cv_env_GTK_LIBS_value=
ac_cv_env_LDFLAGS_set=
ac_cv_env_LDFLAGS_value=
ac_cv_env_LIBS_set=
ac_cv_env_LIBS_value=
ac_cv_env_PKG_CONFIG_LIBDIR_set=
ac_cv_env_PKG_CONFIG_LIBDIR_value=
ac_cv_env_PKG_CONFIG_PATH_set=
ac_cv_env_PKG_CONFIG_PATH_value=
ac_cv_env_PKG_CONFIG_set=
ac_cv_env_PKG_CONFIG_value=
ac_cv_env_XMKMF_set=
ac_cv_env_XMKMF_value=
ac_cv_env_build_alias_set=
ac_cv_env_build_alias_value=
ac_cv_env_host_alias_set=
ac_cv_env_host_alias_value=
ac_cv_env_target_alias_set=
ac_cv_env_target_alias_value=
ac_cv_func__getpty=no
ac_cv_func_gethostname=yes
ac_cv_func_gettimeofday=yes
ac_cv_func_grantpt=yes
ac_cv_func_random=yes
ac_cv_func_setitimer=yes
ac_cv_func_setlocale=yes
ac_cv_func_usleep=yes
ac_cv_header_dirent_dirent_h=yes
ac_cv_header_fcntl_h=yes
ac_cv_header_inttypes_h=yes
ac_cv_header_memory_h=yes
ac_cv_header_stdc=yes
ac_cv_header_stddef_h=yes
ac_cv_header_stdint_h=yes
ac_cv_header_stdlib_h=yes
ac_cv_header_string_h=yes
ac_cv_header_strings_h=yes
ac_cv_header_stropts_h=no
ac_cv_header_sys_socket_h=yes
ac_cv_header_sys_stat_h=yes
ac_cv_header_sys_systeminfo_h=no
ac_cv_header_sys_time_h=yes
ac_cv_header_sys_types_h=yes
ac_cv_header_sys_wait_h=yes
ac_cv_header_time=yes
ac_cv_header_unistd_h=yes
ac_cv_host=x86_64-unknown-linux-gnu
ac_cv_lib_seq_getpseudotty=no
ac_cv_objext=o
ac_cv_path_AWKPATH=/usr/bin/awk
ac_cv_path_EGREP='/usr/bin/grep -E'
ac_cv_path_GMSGFMT=/usr/bin/msgfmt
ac_cv_path_GREP=/usr/bin/grep
ac_cv_path_MSGFMT=/usr/bin/msgfmt
ac_cv_path_MSGMERGE=/usr/bin/msgmerge
ac_cv_path_PERLPATH=/usr/bin/perl
ac_cv_path_XDG_DESKTOP_MENU=/usr/bin/xdg-desktop-menu
ac_cv_path_XDG_ICON_RESOURCE=/usr/bin/xdg-icon-resource
ac_cv_path_XDG_MIME=/usr/bin/xdg-mime
ac_cv_path_XGETTEXT=/usr/bin/xgettext
ac_cv_path_ac_pt_PKG_CONFIG=/usr/bin/pkg-config
ac_cv_path_install='/usr/bin/install -c'
ac_cv_path_mkdir=/usr/bin/mkdir
ac_cv_prog_AWK=gawk
ac_cv_prog_CPP='gcc -E'
ac_cv_prog_MINFO=makeinfo
ac_cv_prog_NROFF='nroff -man'
ac_cv_prog_PKGCONFIG=pkg-config
ac_cv_prog_RSH=rsh
ac_cv_prog_ac_ct_CC=gcc
ac_cv_prog_cc_c89=
ac_cv_prog_cc_g=yes
ac_cv_prog_make_make_set=yes
ac_cv_search_opendir='none required'
ac_cv_search_strerror='none required'
ac_cv_type_signal=void
acl_cv_hardcode_direct=no
acl_cv_hardcode_libdir_flag_spec='${wl}-rpath ${wl}$libdir'
acl_cv_hardcode_libdir_separator=
acl_cv_hardcode_minus_L=no
acl_cv_libext=a
acl_cv_libname_spec='lib$name'
acl_cv_library_names_spec='$libname$shrext'
acl_cv_path_LD=/usr/bin/ld
acl_cv_prog_gnu_ld=yes
acl_cv_rpath=done
acl_cv_shlibext=so
acl_cv_wl=-Wl,
am_cv_CC_dependencies_compiler_type=gcc3
am_cv_make_support_nested_variables=yes
am_cv_prog_cc_c_o=yes
gt_cv_func_CFLocaleCopyCurrent=no
gt_cv_func_CFPreferencesCopyAppValue=no
gt_cv_func_gnugettext1_libc=yes
pkg_cv_CAIRO_CFLAGS='-pthread -I/usr/include/pango-1.0 -I/usr/include/fribidi -I/usr/include/harfbuzz -I/usr/include/librsvg-2.0 -I/usr/include/gdk-pixbuf-2.0 -I/usr/include/libmount -I/usr/include/blkid -I/usr/include/cairo -I/usr/include/glib-2.0 -I/usr/lib/x86_64-linux-gnu/glib-2.0/include -I/usr/include/pixman-1 -I/usr/include/uuid -I/usr/include/freetype2 -I/usr/include/libpng16'
pkg_cv_CAIRO_LIBS='-lpangocairo-1.0 -lpango-1.0 -lharfbuzz -lrsvg-2 -lm -lgio-2.0 -lgdk_pixbuf-2.0 -lgobject-2.0 -lglib-2.0 -lcairo'
pkg_cv_GTK_CFLAGS='-pthread -I/usr/include/gtk-2.0 -I/usr/lib/x86_64-linux-gnu/gtk-2.0/include -I/usr/include/pango-1.0 -I/usr/include/atk-1.0 -I/usr/include/gdk-pixbuf-2.0 -I/usr/include/libmount -I/usr/include/blkid -I/usr/include/pango-1.0 -I/usr/include/fribidi -I/usr/include/cairo -I/usr/include/pixman-1 -I/usr/include/harfbuzz -I/usr/include/uuid -I/usr/include/freetype2 -I/usr/include/libpng16 -I/usr/include/glib-2.0 -I/usr/lib/x86_64-linux-gnu/glib-2.0/include'
pkg_cv_GTK_LIBS='-lgtk-x11-2.0 -lgdk-x11-2.0 -lpangocairo-1.0 -latk-1.0 -lcairo -lgdk_pixbuf-2.0 -lgio-2.0 -lpangoft2-1.0 -lpango-1.0 -lgobject-2.0 -lharfbuzz -lfontconfig -lfreetype -Wl,--export-dynamic -lgmodule-2.0 -pthread -lglib-2.0'

## ----------------- ##
## Output variables. ##
## ----------------- ##

ACLOCAL='${SHELL} /home/talegria/projects/xboard-4.9.1/missing aclocal-1.15'
AMDEPBACKSLASH='\'
AMDEP_FALSE='#'
AMDEP_TRUE=''
AMTAR='$${TAR-tar}'
AM_BACKSLASH='\'
AM_DEFAULT_V='$(AM_DEFAULT_VERBOSITY)'
AM_DEFAULT_VERBOSITY='0'
AM_V='$(V)'
AUTOCONF='${SHELL} /home/talegria/projects/xboard-4.9.1/missing autoconf'
AUTOHEADER='${SHELL} /home/talegria/projects/xboard-4.9.1/missing autoheader'
AUTOMAKE='${SHELL} /home/talegria/projects/xboard-4.9.1/missing automake-1.15'
AWK='gawk'
AWKPATH='/usr/bin/awk'
CAIRO_CFLAGS='-pthread -I/usr/include/pango-1.0 -I/usr/include/fribidi -I/usr/include/harfbuzz -I/usr/include/librsvg-2.0 -I/usr/include/gdk-pixbuf-2.0 -I/usr/include/libmount -I/usr/include/blkid -I/usr/include/cairo -I/usr/include/glib-2.0 -I/usr/lib/x86_64-linux-gnu/glib-2.0/include -I/usr/include/pixman-1 -I/usr/include/uuid -I/usr/include/freetype2 -I/usr/include/libpng16'
CAIRO_LIBS='-lpangocairo-1.0 -lpango-1.0 -lharfbuzz -lrsvg-2 -lm -lgio-2.0 -lgdk_pixbuf-2.0 -lgobject-2.0 -lglib-2.0 -lcairo'
CC='gcc'
CCDEPMODE='depmode=gcc3'
CFLAGS='  -Wall -Wno-parentheses'
CONFIGURE_OPTIONS='prefix=NONE; datarootdir=${prefix}/share; datadir=${datarootdir}; gamedatadir=$(datadir)/games/xboard; desktopdir=$(datadir)/applications; mimedir=$(datadir)/mime/packages; iconsdir=$(datadir)/icons/hicolor/48x48/apps; svgiconsdir=$(datadir)/icons/hicolor/scalable/apps; infodir=${datarootdir}/info; sysconfigdir=; update_mimedb=yes; NLS=yes; GTK=yes; Xaw3d=no; Xaw=no; ptys=pipes; zippy=no; sigint=yes'
CONF_CFLAGS=''
CONF_LDFLAGS=''
CPP='gcc -E'
CPPFLAGS=''
CYGPATH_W='echo'
DEFS='-DHAVE_CONFIG_H'
DEPDIR='.deps'
DESKTOPDIR='$(datadir)/applications'
ECHO_C=''
ECHO_N='-n'
ECHO_T=''
EGREP='/usr/bin/grep -E'
ENABLE_UPDATE_MIMEDB_FALSE='#'
ENABLE_UPDATE_MIMEDB_TRUE=''
EXEEXT=''
FRONTEND_CFLAGS='-pthread -I/usr/include/gtk-2.0 -I/usr/lib/x86_64-linux-gnu/gtk-2.0/include -I/usr/include/pango-1.0 -I/usr/include/atk-1.0 -I/usr/include/gdk-pixbuf-2.0 -I/usr/include/libmount -I/usr/include/blkid -I/usr/include/pango-1.0 -I/usr/include/fribidi -I/usr/include/cairo -I/usr/include/pixman-1 -I/usr/include/harfbuzz -I/usr/include/uuid -I/usr/include/freetype2 -I/usr/include/libpng16 -I/usr/include/glib-2.0 -I/usr/lib/x86_64-linux-gnu/glib-2.0/include'
FRONTEND_LIBS='-lgtk-x11-2.0 -lgdk-x11-2.0 -lpangocairo-1.0 -latk-1.0 -lcairo -lgdk_pixbuf-2.0 -lgio-2.0 -lpangoft2-1.0 -lpango-1.0 -lgobject-2.0 -lharfbuzz -lfontconfig -lfreetype -Wl,--export-dynamic -lgmodule-2.0 -pthread -lglib-2.0'
GAMEDATADIR='$(datadir)/games/xboard'
GETTEXT_MACRO_VERSION='0.17'
GMSGFMT='/usr/bin/msgfmt'
GMSGFMT_015='/usr/bin/msgfmt'
GREP='/usr/bin/grep'
GTK_CFLAGS='-pthread -I/usr/include/gtk-2.0 -I/usr/lib/x86_64-linux-gnu/gtk-2.0/include -I/usr/include/pango-1.0 -I/usr/include/atk-1.0 -I/usr/include/gdk-pixbuf-2.0 -I/usr/include/libmount -I/usr/include/blkid -I/usr/include/pango-1.0 -I/usr/include/fribidi -I/usr/include/cairo -I/usr/include/pixman-1 -I/usr/include/harfbuzz -I/usr/include/uuid -I/usr/include/freetype2 -I/usr/include/libpng16 -I/usr/include/glib-2.0 -I/usr/lib/x86_64-linux-gnu/glib-2.0/include'
GTK_LIBS='-lgtk-x11-2.0 -lgdk-x11-2.0 -lpangocairo-1.0 -latk-1.0 -lcairo -lgdk_pixbuf-2.0 -lgio-2.0 -lpangoft2-1.0 -lpango-1.0 -lgobject-2.0 -lharfbuzz -lfontconfig -lfreetype -Wl,--export-dynamic -lgmodule-2.0 -pthread -lglib-2.0'
ICONSDIR='$(datadir)/icons/hicolor/48x48/apps'
INSTALL_DATA='${INSTALL} -m 644'
INSTALL_PROGRAM='${INSTALL}'
INSTALL_SCRIPT='${INSTALL}'
INSTALL_STRIP_PROGRAM='$(install_sh) -c -s'
INTLLIBS=''
INTL_MACOSX_LIBS=''
LDFLAGS=''
LIBICONV='-liconv'
LIBINTL=''
LIBOBJS=''
LIBS=''
LTLIBICONV='-liconv'
LTLIBINTL=''
LTLIBOBJS=''
MAKEINFO='${SHELL} /home/talegria/projects/xboard-4.9.1/missing makeinfo'
MIMEDIR='$(datadir)/mime/packages'
MINFO='makeinfo'
MKDIR_P='/usr/bin/mkdir -p'
MSGFMT='/usr/bin/msgfmt'
MSGFMT_015='/usr/bin/msgfmt'
MSGMERGE='/usr/bin/msgmerge'
NLS_ENABLED_FALSE='#'
NLS_ENABLED_TRUE=''
NROFF='nroff -man'
NROFFFLAGS=''
OBJEXT='o'
OSX_APP_FALSE=''
OSX_APP_TRUE='#'
PACKAGE='xboard'
PACKAGE_BUGREPORT='bug-xboard@gnu.org'
PACKAGE_NAME='xboard'
PACKAGE_STRING='xboard 4.9.1'
PACKAGE_TARNAME='xboard'
PACKAGE_URL=''
PACKAGE_VERSION='4.9.1'
PATH_SEPARATOR=':'
PERLPATH='/usr/bin/perl'
PKGCONFIG='pkg-config'
PKG_CONFIG='/usr/bin/pkg-config'
PKG_CONFIG_LIBDIR=''
PKG_CONFIG_PATH=''
POST_XMULIB=''
POSUB='po'
PRE_XMULIB=''
RSH='rsh'
SET_MAKE=''
SHELL='/bin/bash'
STRIP=''
SVGICONSDIR='$(datadir)/icons/hicolor/scalable/apps'
SW_VERS=''
USE_NLS='yes'
VERSION='4.9.1'
XDG_DESKTOP_MENU='/usr/bin/xdg-desktop-menu'
XDG_ICON_RESOURCE='/usr/bin/xdg-icon-resource'
XDG_MIME='/usr/bin/xdg-mime'
XGETTEXT='/usr/bin/xgettext'
XGETTEXT_015='/usr/bin/xgettext'
XGETTEXT_EXTRA_OPTIONS=''
XMKMF=''
X_CFLAGS=''
X_EXTRA_LIBS=''
X_LIBS=''
X_PRE_LIBS=''
ZIPPY_FALSE=''
ZIPPY_TRUE='#'
ac_ct_CC='gcc'
am__EXEEXT_FALSE=''
am__EXEEXT_TRUE='#'
am__fastdepCC_FALSE='#'
am__fastdepCC_TRUE=''
am__include='include'
am__isrc=''
am__leading_dot='.'
am__nodep='_no'
am__quote=''
am__tar='$${TAR-tar} chof - "$$tardir"'
am__untar='$${TAR-tar} xf -'
bindir='${exec_prefix}/bin'
build='x86_64-unknown-linux-gnu'
build_alias=''
build_cpu='x86_64'
build_os='linux-gnu'
build_vendor='unknown'
datadir='${datarootdir}'
datarootdir='${prefix}/share'
docdir='${datarootdir}/doc/${PACKAGE_TARNAME}'
dvidir='${docdir}'
exec_prefix='${prefix}'
host='x86_64-unknown-linux-gnu'
host_alias=''
host_cpu='x86_64'
host_os='linux-gnu'
host_vendor='unknown'
htmldir='${docdir}'
includedir='${prefix}/include'
infodir='${datarootdir}/info'
install_sh='${SHELL} /home/talegria/projects/xboard-4.9.1/install-sh'
libdir='${exec_prefix}/lib'
libexecdir='${exec_prefix}/libexec'
localedir='${datarootdir}/locale'
localstatedir='${prefix}/var'
mandir='${datarootdir}/man'
mkdir_p='/usr/bin/mkdir -p'
oldincludedir='/usr/include'
pdfdir='${docdir}'
prefix='/usr/local'
program_transform_name='s,x,x,'
psdir='${docdir}'
sbindir='${exec_prefix}/sbin'
sharedstatedir='${prefix}/com'
sysconfdir='${prefix}/etc'
target_alias=''
withGTK_FALSE='#'
withGTK_TRUE=''
withXaw_FALSE=''
withXaw_TRUE='#'

## ----------- ##
## confdefs.h. ##
## ----------- ##

/* confdefs.h */
#define PACKAGE_NAME "xboard"
#define PACKAGE_TARNAME "xboard"
#define PACKAGE_VERSION "4.9.1"
#define PACKAGE_STRING "xboard 4.9.1"
#define PACKAGE_BUGREPORT "bug-xboard@gnu.org"
#define PACKAGE_URL ""
#define PACKAGE "xboard"
#define VERSION "4.9.1"
#define ENABLE_NLS 1
#define HAVE_GETTEXT 1
#define HAVE_DCGETTEXT 1
#define REMOTE_SHELL "rsh"
#define STDC_HEADERS 1
#define TIME_WITH_SYS_TIME 1
#define HAVE_SYS_WAIT_H 1
#define HAVE_DIRENT_H 1
#define RETSIGTYPE void
#define HAVE_SYS_TYPES_H 1
#define HAVE_SYS_STAT_H 1
#define HAVE_STDLIB_H 1
#define HAVE_STRING_H 1
#define HAVE_MEMORY_H 1
#define HAVE_STRINGS_H 1
#define HAVE_INTTYPES_H 1
#define HAVE_STDINT_H 1
#define HAVE_UNISTD_H 1
#define HAVE_SYS_TIME_H 1
#define HAVE_STRING_H 1
#define HAVE_UNISTD_H 1
#define HAVE_FCNTL_H 1
#define HAVE_SYS_SOCKET_H 1
#define HAVE_GRANTPT 1
#define HAVE_SETITIMER 1
#define HAVE_USLEEP 1
#define HAVE_GETTIMEOFDAY 1
#define HAVE_RANDOM 1
#define HAVE_GETHOSTNAME 1
#define USE_PTYS 0
#define ZIPPY 0
#define ATTENTION 1

configure: exit 0
